2022-02-02:/api/genUserWithIpLog?isLog=1
Admin request --- Controller 2022-02-02
Admin request --- ControllerArgumentsEvent 2022-02-02
checkEmailLog: Надо проверить - User: Ivan_334  email: mosts671302286@tut.by   2022-02-02
2022-02-02:57 : Hello new user!
2022-02-02 New response
2022-02-02:/api/doc
Admin request --- Controller 2022-02-02
Admin request --- ControllerArgumentsEvent 2022-02-02
2022-02-02 New response
2022-02-02:/_wdt/1bed20
Admin request --- Controller 2022-02-02
Admin request --- ControllerArgumentsEvent 2022-02-02
2022-02-02 New response
2022-02-02:/api/doc
Admin request --- Controller 2022-02-02
Admin request --- ControllerArgumentsEvent 2022-02-02
2022-02-02 New response
2022-02-02:/_wdt/0353dd
Admin request --- Controller 2022-02-02
Admin request --- ControllerArgumentsEvent 2022-02-02
2022-02-02 New response
2022-02-02:/api/user
Admin request --- Controller 2022-02-02
Admin request --- ControllerArgumentsEvent 2022-02-02
2022-02-02:/api/user
Admin request --- Controller 2022-02-02
Admin request --- ControllerArgumentsEvent 2022-02-02
2022-02-02 New response
2022-02-02:/api/user
Admin request --- Controller 2022-02-02
Admin request --- ControllerArgumentsEvent 2022-02-02
2022-02-02 New response
2022-02-02:/api/user
Admin request --- Controller 2022-02-02
Admin request --- ControllerArgumentsEvent 2022-02-02
2022-02-02 New response
2022-02-02:/api/user
Admin request --- Controller 2022-02-02
Admin request --- ControllerArgumentsEvent 2022-02-02
2022-02-02 New response
2022-02-02:/api/doc
Admin request --- Controller 2022-02-02
Admin request --- ControllerArgumentsEvent 2022-02-02
2022-02-02 New response
2022-02-02:/_wdt/3bb3ee
Admin request --- Controller 2022-02-02
Admin request --- ControllerArgumentsEvent 2022-02-02
2022-02-02 New response
2022-02-02:/api/user
Admin request --- Controller 2022-02-02
Admin request --- ControllerArgumentsEvent 2022-02-02
2022-02-02 New response
2022-02-02:/api/doc
Admin request --- Controller 2022-02-02
Admin request --- ControllerArgumentsEvent 2022-02-02
2022-02-02 New response
2022-02-02:/_wdt/a52fda
Admin request --- Controller 2022-02-02
Admin request --- ControllerArgumentsEvent 2022-02-02
2022-02-02 New response
2022-02-02:/api/user
Admin request --- Controller 2022-02-02
Admin request --- ControllerArgumentsEvent 2022-02-02
2022-02-02:/api/user
Admin request --- Controller 2022-02-02
Admin request --- ControllerArgumentsEvent 2022-02-02
2022-02-02 New response
2022-02-02 New response
2022-02-02:/api/doc
Admin request --- Controller 2022-02-02
Admin request --- ControllerArgumentsEvent 2022-02-02
2022-02-02 New response
2022-02-02:/_wdt/5639ad
Admin request --- Controller 2022-02-02
Admin request --- ControllerArgumentsEvent 2022-02-02
2022-02-02 New response
2022-02-02:/api/user
Admin request --- Controller 2022-02-02
Admin request --- ControllerArgumentsEvent 2022-02-02
2022-02-02 New response
2022-02-02:/api/doc
Admin request --- Controller 2022-02-02
Admin request --- ControllerArgumentsEvent 2022-02-02
2022-02-02 New response
2022-02-02:/_wdt/7880a5
Admin request --- Controller 2022-02-02
Admin request --- ControllerArgumentsEvent 2022-02-02
2022-02-02 New response
2022-02-02:/api/user
Admin request --- Controller 2022-02-02
Admin request --- ControllerArgumentsEvent 2022-02-02
2022-02-02 New response
2022-02-02:/api/user
Admin request --- Controller 2022-02-02
Admin request --- ControllerArgumentsEvent 2022-02-02
2022-02-02 New response
2022-02-02:/api/user
Admin request --- Controller 2022-02-02
Admin request --- ControllerArgumentsEvent 2022-02-02
2022-02-02 New response
2022-02-02:/api/user
Admin request --- Controller 2022-02-02
Admin request --- ControllerArgumentsEvent 2022-02-02
2022-02-02 New response
2022-02-02:/api/user
Admin request --- Controller 2022-02-02
Admin request --- ControllerArgumentsEvent 2022-02-02
2022-02-02 New response
2022-02-02:/api/showUsers
Admin request --- Controller 2022-02-02
Admin request --- ControllerArgumentsEvent 2022-02-02
2022-02-02 New response
2022-02-02:/_wdt/53f02f
Admin request --- Controller 2022-02-02
Admin request --- ControllerArgumentsEvent 2022-02-02
2022-02-02 New response
2022-02-02:/api/showUsers
Admin request --- Controller 2022-02-02
Admin request --- ControllerArgumentsEvent 2022-02-02
2022-02-02 New response
2022-02-02:/_wdt/a778b2
Admin request --- Controller 2022-02-02
Admin request --- ControllerArgumentsEvent 2022-02-02
2022-02-02 New response
2022-02-02:/api/showUsers
Admin request --- Controller 2022-02-02
Admin request --- ControllerArgumentsEvent 2022-02-02
2022-02-02 New response
2022-02-02:/_wdt/0abcbf
Admin request --- Controller 2022-02-02
Admin request --- ControllerArgumentsEvent 2022-02-02
2022-02-02 New response
2022-02-02:/api/user
Admin request --- Controller 2022-02-02
Admin request --- ControllerArgumentsEvent 2022-02-02
2022-02-02:/api/user
Admin request --- Controller 2022-02-02
Admin request --- ControllerArgumentsEvent 2022-02-02
2022-02-02 New response
2022-02-02 New response
2022-02-02:/_wdt/6f3308
Admin request --- Controller 2022-02-02
Admin request --- ControllerArgumentsEvent 2022-02-02
2022-02-02 New response
2022-02-02:/api/user
Admin request --- Controller 2022-02-02
Admin request --- ControllerArgumentsEvent 2022-02-02
2022-02-02 New response
2022-02-02:/api/user/37/form-add-comment
Admin request --- Controller 2022-02-02
Admin request --- ControllerArgumentsEvent 2022-02-02
2022-02-02 New response
2022-02-02:/api/showUsers
Admin request --- Controller 2022-02-02
Admin request --- ControllerArgumentsEvent 2022-02-02
2022-02-02 New response
2022-02-02:/_wdt/bd6b0b
Admin request --- Controller 2022-02-02
Admin request --- ControllerArgumentsEvent 2022-02-02
2022-02-02 New response
2022-02-02:/api/user/new
Admin request --- Controller 2022-02-02
Admin request --- ControllerArgumentsEvent 2022-02-02
2022-02-02 New response
2022-02-02:/api/user/new
Admin request --- Controller 2022-02-02
Admin request --- ControllerArgumentsEvent 2022-02-02
2022-02-02 New response
2022-02-02:/api/user/new
Admin request --- Controller 2022-02-02
Admin request --- ControllerArgumentsEvent 2022-02-02
2022-02-02 New response
2022-02-02:/api/user/new
Admin request --- Controller 2022-02-02
Admin request --- ControllerArgumentsEvent 2022-02-02
2022-02-02 New response
2022-02-02:/api/user/new
Admin request --- Controller 2022-02-02
Admin request --- ControllerArgumentsEvent 2022-02-02
2022-02-02 New response
2022-02-02:/api/user/new
Admin request --- Controller 2022-02-02
Admin request --- ControllerArgumentsEvent 2022-02-02
2022-02-02 New response
2022-02-02:/api/user/new
Admin request --- Controller 2022-02-02
Admin request --- ControllerArgumentsEvent 2022-02-02
2022-02-02 New response
2022-02-02:/api/user
Admin request --- Controller 2022-02-02
Admin request --- ControllerArgumentsEvent 2022-02-02
2022-02-02:/api/user
Admin request --- Controller 2022-02-02
Admin request --- ControllerArgumentsEvent 2022-02-02
2022-02-02 New response
2022-02-02 New response
2022-02-02:/_wdt/4f7926
Admin request --- Controller 2022-02-02
Admin request --- ControllerArgumentsEvent 2022-02-02
2022-02-02 New response
2022-02-02:/api/user
Admin request --- Controller 2022-02-02
Admin request --- ControllerArgumentsEvent 2022-02-02
2022-02-02:/api/user
Admin request --- Controller 2022-02-02
Admin request --- ControllerArgumentsEvent 2022-02-02
2022-02-02:/api/user
Admin request --- Controller 2022-02-02
Admin request --- ControllerArgumentsEvent 2022-02-02
2022-02-02:/api/user
Admin request --- Controller 2022-02-02
Admin request --- ControllerArgumentsEvent 2022-02-02
2022-02-02:/api/user
Admin request --- Controller 2022-02-02
Admin request --- ControllerArgumentsEvent 2022-02-02
2022-02-02 New response
2022-02-02:/api/user
Admin request --- Controller 2022-02-02
Admin request --- ControllerArgumentsEvent 2022-02-02
2022-02-02:/api/user
Admin request --- Controller 2022-02-02
Admin request --- ControllerArgumentsEvent 2022-02-02
2022-02-02 New response
2022-02-02 New response
2022-02-02:/_wdt/228c71
Admin request --- Controller 2022-02-02
Admin request --- ControllerArgumentsEvent 2022-02-02
2022-02-02 New response
2022-02-02:/api/user
Admin request --- Controller 2022-02-02
Admin request --- ControllerArgumentsEvent 2022-02-02
2022-02-02 New response
2022-02-02:/api/user
Admin request --- Controller 2022-02-02
Admin request --- ControllerArgumentsEvent 2022-02-02
2022-02-02 New response
2022-02-02:/api/user
Admin request --- Controller 2022-02-02
Admin request --- ControllerArgumentsEvent 2022-02-02
2022-02-02 New response
2022-02-02:/api/user
Admin request --- Controller 2022-02-02
Admin request --- ControllerArgumentsEvent 2022-02-02
2022-02-02 New response
2022-02-02:/api/user
Admin request --- Controller 2022-02-02
Admin request --- ControllerArgumentsEvent 2022-02-02
2022-02-02 New response
2022-02-02:/api/user
Admin request --- Controller 2022-02-02
Admin request --- ControllerArgumentsEvent 2022-02-02
2022-02-02 New response
2022-02-02:/api/user
Admin request --- Controller 2022-02-02
Admin request --- ControllerArgumentsEvent 2022-02-02
2022-02-02 New response
2022-02-02:/api/user
Admin request --- Controller 2022-02-02
Admin request --- ControllerArgumentsEvent 2022-02-02
2022-02-02 New response
2022-02-02:/api/user
Admin request --- Controller 2022-02-02
Admin request --- ControllerArgumentsEvent 2022-02-02
2022-02-02 New response
2022-02-02:/api/user
Admin request --- Controller 2022-02-02
Admin request --- ControllerArgumentsEvent 2022-02-02
2022-02-02 New response
2022-02-02:/api/user
Admin request --- Controller 2022-02-02
Admin request --- ControllerArgumentsEvent 2022-02-02
2022-02-02 New response
2022-02-02:/api/user
Admin request --- Controller 2022-02-02
Admin request --- ControllerArgumentsEvent 2022-02-02
2022-02-02 New response
